[0m19:26:03.045424 [debug] [MainThread]: Sending event: {'category': 'dbt', 'action': 'invocation', 'label': 'start', 'context': [<snowplow_tracker.self_describing_json.SelfDescribingJson object at 0x000002C166DAF3B0>, <snowplow_tracker.self_describing_json.SelfDescribingJson object at 0x000002C169611AC0>, <snowplow_tracker.self_describing_json.SelfDescribingJson object at 0x000002C169BB6F90>]}


============================== 19:26:03.051440 | 19092af7-4c80-4bc4-89a4-ac33b69a550b ==============================
[0m19:26:03.051440 [info ] [MainThread]: Running with dbt=1.10.13
[0m19:26:03.052928 [debug] [MainThread]: running dbt with arguments {'partial_parse': 'True', 'write_json': 'True', 'send_anonymous_usage_stats': 'True', 'version_check': 'True', 'cache_selected_only': 'False', 'target_path': 'None', 'warn_error': 'None', 'invocation_command': 'dbt init nyc_warehouse', 'log_format': 'default', 'use_colors': 'True', 'introspect': 'True', 'debug': 'False', 'printer_width': '80', 'fail_fast': 'False', 'no_print': 'None', 'use_experimental_parser': 'False', 'quiet': 'False', 'empty': 'None', 'log_cache_events': 'False', 'log_path': 'logs', 'indirect_selection': 'eager', 'profiles_dir': 'C:\\Users\\LAPTOP SHOP\\.dbt', 'static_parser': 'True', 'warn_error_options': 'WarnErrorOptionsV2(error=[], warn=[], silence=[])'}
[0m19:26:03.099030 [debug] [MainThread]: Starter project path: D:\Apps\Anaconda\envs\data_engineer\Lib\site-packages\dbt\include\starter_project
[0m19:26:03.128662 [info ] [MainThread]: 
Your new dbt project "nyc_warehouse" was created!

For more information on how to configure the profiles.yml file,
please consult the dbt documentation here:

  https://docs.getdbt.com/docs/configure-your-profile

One more thing:

Need help? Don't hesitate to reach out to us via GitHub issues or on Slack:

  https://community.getdbt.com/

Happy modeling!

[0m19:26:03.129658 [info ] [MainThread]: Setting up your profile.
[0m19:26:59.906774 [info ] [MainThread]: Profile nyc_warehouse written to C:\Users\LAPTOP SHOP\.dbt\profiles.yml using target's profile_template.yml and your supplied values. Run 'dbt debug' to validate the connection.
[0m19:26:59.912774 [debug] [MainThread]: Command `dbt init` succeeded at 19:26:59.908776 after 57.08 seconds
[0m19:26:59.914947 [debug] [MainThread]: Sending event: {'category': 'dbt', 'action': 'invocation', 'label': 'end', 'context': [<snowplow_tracker.self_describing_json.SelfDescribingJson object at 0x000002C169D13020>, <snowplow_tracker.self_describing_json.SelfDescribingJson object at 0x000002C169BB6F90>, <snowplow_tracker.self_describing_json.SelfDescribingJson object at 0x000002C16A2D7260>]}
[0m19:26:59.916434 [debug] [MainThread]: Flushing usage events
[0m19:27:00.556515 [debug] [MainThread]: An error was encountered while trying to flush usage events
